{"remainingRequest":"/Users/dennis.okeeffe/Project-Imposter/developer-notes/node_modules/docz-core/node_modules/babel-loader/lib/index.js??ref--6-1!/Users/dennis.okeeffe/Project-Imposter/developer-notes/node_modules/@mdx-js/loader/index.js??ref--6-2!/Users/dennis.okeeffe/Project-Imposter/developer-notes/node_modules/source-map-loader/index.js!/Users/dennis.okeeffe/Project-Imposter/developer-notes/manual/SQL/Indexing-Example.md","dependencies":[{"path":"/Users/dennis.okeeffe/Project-Imposter/developer-notes/manual/SQL/Indexing-Example.md","mtime":1580718689429},{"path":"/Users/dennis.okeeffe/Project-Imposter/developer-notes/node_modules/cache-loader/dist/cjs.js","mtime":1581496618588},{"path":"/Users/dennis.okeeffe/Project-Imposter/developer-notes/node_modules/docz-core/node_modules/babel-loader/lib/index.js","mtime":1578565694890},{"path":"/Users/dennis.okeeffe/Project-Imposter/developer-notes/node_modules/@mdx-js/loader/index.js","mtime":1581496618277},{"path":"/Users/dennis.okeeffe/Project-Imposter/developer-notes/node_modules/source-map-loader/index.js","mtime":1580255490569}],"contextDependencies":[],"result":[{"type":"Buffer","data":"base64:aW1wb3J0IF9vYmplY3RXaXRob3V0UHJvcGVydGllcyBmcm9tICIvVXNlcnMvZGVubmlzLm9rZWVmZmUvUHJvamVjdC1JbXBvc3Rlci9kZXZlbG9wZXItbm90ZXMvbm9kZV9tb2R1bGVzL2JhYmVsLXByZXNldC1yZWFjdC1hcHAvbm9kZV9tb2R1bGVzL0BiYWJlbC9ydW50aW1lL2hlbHBlcnMvZXNtL29iamVjdFdpdGhvdXRQcm9wZXJ0aWVzIjsKdmFyIF9qc3hGaWxlTmFtZSA9ICIvVXNlcnMvZGVubmlzLm9rZWVmZmUvUHJvamVjdC1JbXBvc3Rlci9kZXZlbG9wZXItbm90ZXMvbWFudWFsL1NRTC9JbmRleGluZy1FeGFtcGxlLm1kIjsKCihmdW5jdGlvbiAoKSB7CiAgdmFyIGVudGVyTW9kdWxlID0gKHR5cGVvZiByZWFjdEhvdExvYWRlckdsb2JhbCAhPT0gJ3VuZGVmaW5lZCcgPyByZWFjdEhvdExvYWRlckdsb2JhbCA6IHJlcXVpcmUoJ3JlYWN0LWhvdC1sb2FkZXInKSkuZW50ZXJNb2R1bGU7CiAgZW50ZXJNb2R1bGUgJiYgZW50ZXJNb2R1bGUobW9kdWxlKTsKfSkoKTsKCnZhciBfX3NpZ25hdHVyZV9fID0gdHlwZW9mIHJlYWN0SG90TG9hZGVyR2xvYmFsICE9PSAndW5kZWZpbmVkJyA/IHJlYWN0SG90TG9hZGVyR2xvYmFsWyJkZWZhdWx0Il0uc2lnbmF0dXJlIDogZnVuY3Rpb24gKGEpIHsKICByZXR1cm4gYTsKfTsKCi8qIEBqc3ggbWR4ICovCmltcG9ydCBSZWFjdCBmcm9tICdyZWFjdCc7CmltcG9ydCB7IG1keCB9IGZyb20gJ0BtZHgtanMvcmVhY3QnOwovKiBAanN4IG1keCAqLwoKdmFyIG1ha2VTaG9ydGNvZGUgPSBmdW5jdGlvbiBtYWtlU2hvcnRjb2RlKG5hbWUpIHsKICByZXR1cm4gZnVuY3Rpb24gTURYRGVmYXVsdFNob3J0Y29kZShwcm9wcykgewogICAgY29uc29sZS53YXJuKCJDb21wb25lbnQgIiArIG5hbWUgKyAiIHdhcyBub3QgaW1wb3J0ZWQsIGV4cG9ydGVkLCBvciBwcm92aWRlZCBieSBNRFhQcm92aWRlciBhcyBnbG9iYWwgc2NvcGUiKTsKICAgIHJldHVybiBtZHgoImRpdiIsIE9iamVjdC5hc3NpZ24oe30sIHByb3BzLCB7CiAgICAgIF9fc291cmNlOiB7CiAgICAgICAgZmlsZU5hbWU6IF9qc3hGaWxlTmFtZSwKICAgICAgICBsaW5lTnVtYmVyOiA5CiAgICAgIH0sCiAgICAgIF9fc2VsZjogdGhpcwogICAgfSkpOwogIH07Cn07Cgp2YXIgbGF5b3V0UHJvcHMgPSB7fTsKdmFyIE1EWExheW91dCA9ICJ3cmFwcGVyIjsKZXhwb3J0IGRlZmF1bHQgZnVuY3Rpb24gTURYQ29udGVudChfcmVmKSB7CiAgdmFyIGNvbXBvbmVudHMgPSBfcmVmLmNvbXBvbmVudHMsCiAgICAgIHByb3BzID0gX29iamVjdFdpdGhvdXRQcm9wZXJ0aWVzKF9yZWYsIFsiY29tcG9uZW50cyJdKTsKCiAgcmV0dXJuIG1keChNRFhMYXlvdXQsIE9iamVjdC5hc3NpZ24oe30sIGxheW91dFByb3BzLCBwcm9wcywgewogICAgY29tcG9uZW50czogY29tcG9uZW50cywKICAgIG1keFR5cGU6ICJNRFhMYXlvdXQiLAogICAgX19zb3VyY2U6IHsKICAgICAgZmlsZU5hbWU6IF9qc3hGaWxlTmFtZSwKICAgICAgbGluZU51bWJlcjogMjAKICAgIH0sCiAgICBfX3NlbGY6IHRoaXMKICB9KSwgbWR4KCJoMSIsIE9iamVjdC5hc3NpZ24oewogICAgImlkIjogImluZGV4aW5nLWV4YW1wbGUiCiAgfSwgewogICAgX19zb3VyY2U6IHsKICAgICAgZmlsZU5hbWU6IF9qc3hGaWxlTmFtZSwKICAgICAgbGluZU51bWJlcjogMjEKICAgIH0sCiAgICBfX3NlbGY6IHRoaXMKICB9KSwgIkluZGV4aW5nIEV4YW1wbGUiKSwgbWR4KCJwIiwgewogICAgX19zb3VyY2U6IHsKICAgICAgZmlsZU5hbWU6IF9qc3hGaWxlTmFtZSwKICAgICAgbGluZU51bWJlcjogMjQKICAgIH0sCiAgICBfX3NlbGY6IHRoaXMKICB9LCAiVGhlIGZvbGxvd2luZyBpcyBkb25lIG9uIFBvc3RncmVzU1FMIDEyLiIpLCBtZHgoImgyIiwgT2JqZWN0LmFzc2lnbih7CiAgICAiaWQiOiAicmVzb3VyY2VzIgogIH0sIHsKICAgIF9fc291cmNlOiB7CiAgICAgIGZpbGVOYW1lOiBfanN4RmlsZU5hbWUsCiAgICAgIGxpbmVOdW1iZXI6IDI1CiAgICB9LAogICAgX19zZWxmOiB0aGlzCiAgfSksICJSZXNvdXJjZXMiKSwgbWR4KCJvbCIsIHsKICAgIF9fc291cmNlOiB7CiAgICAgIGZpbGVOYW1lOiBfanN4RmlsZU5hbWUsCiAgICAgIGxpbmVOdW1iZXI6IDI4CiAgICB9LAogICAgX19zZWxmOiB0aGlzCiAgfSwgbWR4KCJsaSIsIHsKICAgIHBhcmVudE5hbWU6ICJvbCIsCiAgICBfX3NvdXJjZTogewogICAgICBmaWxlTmFtZTogX2pzeEZpbGVOYW1lLAogICAgICBsaW5lTnVtYmVyOiAyOQogICAgfSwKICAgIF9fc2VsZjogdGhpcwogIH0sIG1keCgiYSIsIE9iamVjdC5hc3NpZ24oewogICAgcGFyZW50TmFtZTogImxpIgogIH0sIHsKICAgICJocmVmIjogImh0dHBzOi8vd3d3LmRiLWZpZGRsZS5jb20vIgogIH0sIHsKICAgIF9fc291cmNlOiB7CiAgICAgIGZpbGVOYW1lOiBfanN4RmlsZU5hbWUsCiAgICAgIGxpbmVOdW1iZXI6IDI5CiAgICB9LAogICAgX19zZWxmOiB0aGlzCiAgfSksICJEQiBGaWRkbGUiKSkpLCBtZHgoImgyIiwgT2JqZWN0LmFzc2lnbih7CiAgICAiaWQiOiAid2l0aG91dC1pbmRleGluZyIKICB9LCB7CiAgICBfX3NvdXJjZTogewogICAgICBmaWxlTmFtZTogX2pzeEZpbGVOYW1lLAogICAgICBsaW5lTnVtYmVyOiAzMwogICAgfSwKICAgIF9fc2VsZjogdGhpcwogIH0pLCAiV2l0aG91dCBJbmRleGluZyIpLCBtZHgoInByZSIsIHsKICAgIF9fc291cmNlOiB7CiAgICAgIGZpbGVOYW1lOiBfanN4RmlsZU5hbWUsCiAgICAgIGxpbmVOdW1iZXI6IDM2CiAgICB9LAogICAgX19zZWxmOiB0aGlzCiAgfSwgbWR4KCJjb2RlIiwgT2JqZWN0LmFzc2lnbih7CiAgICBwYXJlbnROYW1lOiAicHJlIgogIH0sIHsKICAgICJjbGFzc05hbWUiOiAibGFuZ3VhZ2Utc3FsIgogIH0sIHsKICAgIF9fc291cmNlOiB7CiAgICAgIGZpbGVOYW1lOiBfanN4RmlsZU5hbWUsCiAgICAgIGxpbmVOdW1iZXI6IDM2CiAgICB9LAogICAgX19zZWxmOiB0aGlzCiAgfSksICJDUkVBVEUgVEFCTEUgdGVzdCAoXG4gIGlkIElOVCxcbiAgY291bnQgSU5UXG4pO1xuSU5TRVJUIElOVE8gdGVzdCAoaWQsIGNvdW50KSBWQUxVRVMgKDEsMSk7XG5JTlNFUlQgSU5UTyB0ZXN0IChpZCwgY291bnQpIFZBTFVFUyAoMiwyKTtcbklOU0VSVCBJTlRPIHRlc3QgKGlkLCBjb3VudCkgVkFMVUVTICgzLDMpO1xuXG5DUkVBVEUgVEFCTEUgdGVzdF90d28gKFxuICBpZCBJTlQsXG4gIGNvdW50IElOVFxuKTtcbklOU0VSVCBJTlRPIHRlc3RfdHdvIChpZCwgY291bnQpIFZBTFVFUyAoMSwxKTtcbklOU0VSVCBJTlRPIHRlc3RfdHdvIChpZCwgY291bnQpIFZBTFVFUyAoMiwyKTtcbklOU0VSVCBJTlRPIHRlc3RfdHdvIChpZCwgY291bnQpIFZBTFVFUyAoMywzKTtcbkNSRUFURSBJTkRFWCBPTiB0ZXN0X3R3byhjb3VudClcblxuRVhQTEFJTiBBTkFMWVpFXG5TRUxFQ1QgKiBGUk9NIHRlc3QgSk9JTiB0ZXN0X3R3byBPTiAodGVzdC5pZCA9IHRlc3RfdHdvLmlkKVxuIikpLCBtZHgoInAiLCB7CiAgICBfX3NvdXJjZTogewogICAgICBmaWxlTmFtZTogX2pzeEZpbGVOYW1lLAogICAgICBsaW5lTnVtYmVyOiA1OAogICAgfSwKICAgIF9fc2VsZjogdGhpcwogIH0sICJUaGUgUVVFUlkgUExBTiByZXR1cm5zOiIpLCBtZHgoInByZSIsIHsKICAgIF9fc291cmNlOiB7CiAgICAgIGZpbGVOYW1lOiBfanN4RmlsZU5hbWUsCiAgICAgIGxpbmVOdW1iZXI6IDU5CiAgICB9LAogICAgX19zZWxmOiB0aGlzCiAgfSwgbWR4KCJjb2RlIiwgT2JqZWN0LmFzc2lnbih7CiAgICBwYXJlbnROYW1lOiAicHJlIgogIH0sIHsKICAgICJjbGFzc05hbWUiOiAibGFuZ3VhZ2Utc3FsIgogIH0sIHsKICAgIF9fc291cmNlOiB7CiAgICAgIGZpbGVOYW1lOiBfanN4RmlsZU5hbWUsCiAgICAgIGxpbmVOdW1iZXI6IDU5CiAgICB9LAogICAgX19zZWxmOiB0aGlzCiAgfSksICJNZXJnZSBKb2luIChjb3N0PTMxNy4wMS4uNzExLjM4IHJvd3M9MjU1Mzggd2lkdGg9MTYpIChhY3R1YWwgdGltZT0wLjA1MC4uMC4wNTIgcm93cz0zIGxvb3BzPTEpXG5NZXJnZSBDb25kOiAodGVzdC5pZCA9IHRlc3RfdHdvLmlkKVxuLT4gU29ydCAoY29zdD0xNTguNTEuLjE2NC4xNiByb3dzPTIyNjAgd2lkdGg9OCkgKGFjdHVhbCB0aW1lPTAuMDI5Li4wLjAzMCByb3dzPTMgbG9vcHM9MSlcblNvcnQgS2V5OiB0ZXN0LmlkXG5Tb3J0IE1ldGhvZDogcXVpY2tzb3J0IE1lbW9yeTogMjVrQlxuLT4gU2VxIFNjYW4gb24gdGVzdCAoY29zdD0wLjAwLi4zMi42MCByb3dzPTIyNjAgd2lkdGg9OCkgKGFjdHVhbCB0aW1lPTAuMDA1Li4wLjAwNSByb3dzPTMgbG9vcHM9MSlcbi0+IFNvcnQgKGNvc3Q9MTU4LjUxLi4xNjQuMTYgcm93cz0yMjYwIHdpZHRoPTgpIChhY3R1YWwgdGltZT0wLjAxOC4uMC4wMTggcm93cz0zIGxvb3BzPTEpXG5Tb3J0IEtleTogdGVzdF90d28uaWRcblNvcnQgTWV0aG9kOiBxdWlja3NvcnQgTWVtb3J5OiAyNWtCXG4tPiBTZXEgU2NhbiBvbiB0ZXN0X3R3byAoY29zdD0wLjAwLi4zMi42MCByb3dzPTIyNjAgd2lkdGg9OCkgKGFjdHVhbCB0aW1lPTAuMDA2Li4wLjAwNiByb3dzPTMgbG9vcHM9MSlcblBsYW5uaW5nIFRpbWU6IDAuMzAxIG1zXG5FeGVjdXRpb24gVGltZTogMC4xMzIgbXNcbiIpKSwgbWR4KCJoMiIsIE9iamVjdC5hc3NpZ24oewogICAgImlkIjogIndpdGgtaW5kZXhpbmciCiAgfSwgewogICAgX19zb3VyY2U6IHsKICAgICAgZmlsZU5hbWU6IF9qc3hGaWxlTmFtZSwKICAgICAgbGluZU51bWJlcjogNzQKICAgIH0sCiAgICBfX3NlbGY6IHRoaXMKICB9KSwgIldpdGggSW5kZXhpbmciKSwgbWR4KCJwcmUiLCB7CiAgICBfX3NvdXJjZTogewogICAgICBmaWxlTmFtZTogX2pzeEZpbGVOYW1lLAogICAgICBsaW5lTnVtYmVyOiA3NwogICAgfSwKICAgIF9fc2VsZjogdGhpcwogIH0sIG1keCgiY29kZSIsIE9iamVjdC5hc3NpZ24oewogICAgcGFyZW50TmFtZTogInByZSIKICB9LCB7CiAgICAiY2xhc3NOYW1lIjogImxhbmd1YWdlLXNxbCIKICB9LCB7CiAgICBfX3NvdXJjZTogewogICAgICBmaWxlTmFtZTogX2pzeEZpbGVOYW1lLAogICAgICBsaW5lTnVtYmVyOiA3NwogICAgfSwKICAgIF9fc2VsZjogdGhpcwogIH0pLCAiQ1JFQVRFIFRBQkxFIHRlc3QgKFxuICBpZCBJTlQsXG4gIGNvdW50IElOVFxuKTtcbklOU0VSVCBJTlRPIHRlc3QgKGlkLCBjb3VudCkgVkFMVUVTICgxLDEpO1xuSU5TRVJUIElOVE8gdGVzdCAoaWQsIGNvdW50KSBWQUxVRVMgKDIsMik7XG5JTlNFUlQgSU5UTyB0ZXN0IChpZCwgY291bnQpIFZBTFVFUyAoMywzKTtcblxuQ1JFQVRFIFRBQkxFIHRlc3RfdHdvIChcbiAgaWQgSU5ULFxuICBjb3VudCBJTlRcbik7XG5JTlNFUlQgSU5UTyB0ZXN0X3R3byAoaWQsIGNvdW50KSBWQUxVRVMgKDEsMSk7XG5JTlNFUlQgSU5UTyB0ZXN0X3R3byAoaWQsIGNvdW50KSBWQUxVRVMgKDIsMik7XG5JTlNFUlQgSU5UTyB0ZXN0X3R3byAoaWQsIGNvdW50KSBWQUxVRVMgKDMsMyk7XG5DUkVBVEUgSU5ERVggT04gdGVzdF90d28oY291bnQpXG5cbkVYUExBSU4gQU5BTFlaRVxuU0VMRUNUICogRlJPTSB0ZXN0IEpPSU4gdGVzdF90d28gT04gKHRlc3QuaWQgPSB0ZXN0X3R3by5pZClcbiIpKSwgbWR4KCJwIiwgewogICAgX19zb3VyY2U6IHsKICAgICAgZmlsZU5hbWU6IF9qc3hGaWxlTmFtZSwKICAgICAgbGluZU51bWJlcjogOTkKICAgIH0sCiAgICBfX3NlbGY6IHRoaXMKICB9LCAiVGhlIFFVRVJZIFBMQU4gcmV0dXJuczoiKSwgbWR4KCJwcmUiLCB7CiAgICBfX3NvdXJjZTogewogICAgICBmaWxlTmFtZTogX2pzeEZpbGVOYW1lLAogICAgICBsaW5lTnVtYmVyOiAxMDAKICAgIH0sCiAgICBfX3NlbGY6IHRoaXMKICB9LCBtZHgoImNvZGUiLCBPYmplY3QuYXNzaWduKHsKICAgIHBhcmVudE5hbWU6ICJwcmUiCiAgfSwgewogICAgImNsYXNzTmFtZSI6ICJsYW5ndWFnZS1zcWwiCiAgfSwgewogICAgX19zb3VyY2U6IHsKICAgICAgZmlsZU5hbWU6IF9qc3hGaWxlTmFtZSwKICAgICAgbGluZU51bWJlcjogMTAwCiAgICB9LAogICAgX19zZWxmOiB0aGlzCiAgfSksICJIYXNoIEpvaW4gKGNvc3Q9MS4wNy4uNDIuNDggcm93cz0zNCB3aWR0aD0xNikgKGFjdHVhbCB0aW1lPTAuMDU4Li4wLjA1OSByb3dzPTMgbG9vcHM9MSlcbkhhc2ggQ29uZDogKHRlc3QuaWQgPSB0ZXN0X3R3by5pZClcbi0+IFNlcSBTY2FuIG9uIHRlc3QgKGNvc3Q9MC4wMC4uMzIuNjAgcm93cz0yMjYwIHdpZHRoPTgpIChhY3R1YWwgdGltZT0wLjAwMy4uMC4wMDQgcm93cz0zIGxvb3BzPTEpXG4tPiBIYXNoIChjb3N0PTEuMDMuLjEuMDMgcm93cz0zIHdpZHRoPTgpIChhY3R1YWwgdGltZT0wLjAxMS4uMC4wMTEgcm93cz0zIGxvb3BzPTEpXG5CdWNrZXRzOiAxMDI0IEJhdGNoZXM6IDEgTWVtb3J5IFVzYWdlOiA5a0Jcbi0+IFNlcSBTY2FuIG9uIHRlc3RfdHdvIChjb3N0PTAuMDAuLjEuMDMgcm93cz0zIHdpZHRoPTgpIChhY3R1YWwgdGltZT0wLjAwMS4uMC4wMDIgcm93cz0zIGxvb3BzPTEpXG5QbGFubmluZyBUaW1lOiAwLjQ0MyBtc1xuRXhlY3V0aW9uIFRpbWU6IDAuMTIxIG1zXG4iKSkpOwp9CgppZiAodHlwZW9mIE1EWENvbnRlbnQgIT09ICd1bmRlZmluZWQnICYmIE1EWENvbnRlbnQgJiYgTURYQ29udGVudCA9PT0gT2JqZWN0KE1EWENvbnRlbnQpICYmIE9iamVjdC5pc0V4dGVuc2libGUoTURYQ29udGVudCkpIHsKICBPYmplY3QuZGVmaW5lUHJvcGVydHkoTURYQ29udGVudCwgJ19fZmlsZW1ldGEnLCB7CiAgICBlbnVtZXJhYmxlOiB0cnVlLAogICAgY29uZmlndXJhYmxlOiB0cnVlLAogICAgdmFsdWU6IHsKICAgICAgbmFtZTogIk1EWENvbnRlbnQiLAogICAgICBmaWxlbmFtZTogIm1hbnVhbC9TUUwvSW5kZXhpbmctRXhhbXBsZS5tZCIKICAgIH0KICB9KTsKfQoKTURYQ29udGVudC5pc01EWENvbXBvbmVudCA9IHRydWU7CjsKCihmdW5jdGlvbiAoKSB7CiAgdmFyIHJlYWN0SG90TG9hZGVyID0gKHR5cGVvZiByZWFjdEhvdExvYWRlckdsb2JhbCAhPT0gJ3VuZGVmaW5lZCcgPyByZWFjdEhvdExvYWRlckdsb2JhbCA6IHJlcXVpcmUoJ3JlYWN0LWhvdC1sb2FkZXInKSkuZGVmYXVsdDsKCiAgaWYgKCFyZWFjdEhvdExvYWRlcikgewogICAgcmV0dXJuOwogIH0KCiAgcmVhY3RIb3RMb2FkZXIucmVnaXN0ZXIobWFrZVNob3J0Y29kZSwgIm1ha2VTaG9ydGNvZGUiLCAiL1VzZXJzL2Rlbm5pcy5va2VlZmZlL1Byb2plY3QtSW1wb3N0ZXIvZGV2ZWxvcGVyLW5vdGVzL21hbnVhbC9TUUwvSW5kZXhpbmctRXhhbXBsZS5tZCIpOwogIHJlYWN0SG90TG9hZGVyLnJlZ2lzdGVyKGxheW91dFByb3BzLCAibGF5b3V0UHJvcHMiLCAiL1VzZXJzL2Rlbm5pcy5va2VlZmZlL1Byb2plY3QtSW1wb3N0ZXIvZGV2ZWxvcGVyLW5vdGVzL21hbnVhbC9TUUwvSW5kZXhpbmctRXhhbXBsZS5tZCIpOwogIHJlYWN0SG90TG9hZGVyLnJlZ2lzdGVyKE1EWExheW91dCwgIk1EWExheW91dCIsICIvVXNlcnMvZGVubmlzLm9rZWVmZmUvUHJvamVjdC1JbXBvc3Rlci9kZXZlbG9wZXItbm90ZXMvbWFudWFsL1NRTC9JbmRleGluZy1FeGFtcGxlLm1kIik7CiAgcmVhY3RIb3RMb2FkZXIucmVnaXN0ZXIoTURYQ29udGVudCwgIk1EWENvbnRlbnQiLCAiL1VzZXJzL2Rlbm5pcy5va2VlZmZlL1Byb2plY3QtSW1wb3N0ZXIvZGV2ZWxvcGVyLW5vdGVzL21hbnVhbC9TUUwvSW5kZXhpbmctRXhhbXBsZS5tZCIpOwp9KSgpOwoKOwoKKGZ1bmN0aW9uICgpIHsKICB2YXIgbGVhdmVNb2R1bGUgPSAodHlwZW9mIHJlYWN0SG90TG9hZGVyR2xvYmFsICE9PSAndW5kZWZpbmVkJyA/IHJlYWN0SG90TG9hZGVyR2xvYmFsIDogcmVxdWlyZSgncmVhY3QtaG90LWxvYWRlcicpKS5sZWF2ZU1vZHVsZTsKICBsZWF2ZU1vZHVsZSAmJiBsZWF2ZU1vZHVsZShtb2R1bGUpOwp9KSgpOw=="},{"version":3,"sources":["/Users/dennis.okeeffe/Project-Imposter/developer-notes/manual/SQL/Indexing-Example.md"],"names":["React","mdx","makeShortcode","name","MDXDefaultShortcode","props","console","warn","layoutProps","MDXLayout","MDXContent","components","isMDXComponent"],"mappings":";;;;;;;;;;;;AAAA;AACE,OAAOA,KAAP,MAAkB,OAAlB;AACA,SAASC,GAAT,QAAoB,eAApB;AACA;;AAGF,IAAMC,aAAa,GAAG,SAAhBA,aAAgB,CAAAC,IAAI;AAAA,SAAI,SAASC,mBAAT,CAA6BC,KAA7B,EAAoC;AAChEC,IAAAA,OAAO,CAACC,IAAR,CAAa,eAAeJ,IAAf,GAAsB,yEAAnC;AACA,WAAO,6BAASE,KAAT;AAAA;AAAA;AAAA;AAAA;AAAA;AAAA,OAAP;AACD,GAHyB;AAAA,CAA1B;;AAKA,IAAMG,WAAW,GAAG,EAApB;AAGA,IAAMC,SAAS,GAAG,SAAlB;AACA,eAAe,SAASC,UAAT,OAGZ;AAAA,MAFDC,UAEC,QAFDA,UAEC;AAAA,MADEN,KACF;;AACD,SAAO,IAAC,SAAD,oBAAeG,WAAf,EAAgCH,KAAhC;AAAuC,IAAA,UAAU,EAAEM,UAAnD;AAA+D,IAAA,OAAO,EAAC,WAAvE;AAAA;AAAA;AAAA;AAAA;AAAA;AAAA,MACL,wBAAQ;AACN,UAAM;AADA,GAAR;AAAA;AAAA;AAAA;AAAA;AAAA;AAAA,yBADK,EAIL;AAAA;AAAA;AAAA;AAAA;AAAA;AAAA,gDAJK,EAKL,wBAAQ;AACN,UAAM;AADA,GAAR;AAAA;AAAA;AAAA;AAAA;AAAA;AAAA,kBALK,EAQL;AAAA;AAAA;AAAA;AAAA;AAAA;AAAA,KACE;AAAI,IAAA,UAAU,EAAC,IAAf;AAAA;AAAA;AAAA;AAAA;AAAA;AAAA,KAAoB;AAAG,IAAA,UAAU,EAAC;AAAd,KAAuB;AACvC,YAAQ;AAD+B,GAAvB;AAAA;AAAA;AAAA;AAAA;AAAA;AAAA,kBAApB,CADF,CARK,EAaL,wBAAQ;AACN,UAAM;AADA,GAAR;AAAA;AAAA;AAAA;AAAA;AAAA;AAAA,yBAbK,EAgBL;AAAA;AAAA;AAAA;AAAA;AAAA;AAAA,KAAK;AAAM,IAAA,UAAU,EAAC;AAAjB,KAA2B;AAC5B,iBAAa;AADe,GAA3B;AAAA;AAAA;AAAA;AAAA;AAAA;AAAA,sfAAL,CAhBK,EAsCL;AAAA;AAAA;AAAA;AAAA;AAAA;AAAA,+BAtCK,EAuCL;AAAA;AAAA;AAAA;AAAA;AAAA;AAAA,KAAK;AAAM,IAAA,UAAU,EAAC;AAAjB,KAA2B;AAC5B,iBAAa;AADe,GAA3B;AAAA;AAAA;AAAA;AAAA;AAAA;AAAA,urBAAL,CAvCK,EAsDL,wBAAQ;AACN,UAAM;AADA,GAAR;AAAA;AAAA;AAAA;AAAA;AAAA;AAAA,sBAtDK,EAyDL;AAAA;AAAA;AAAA;AAAA;AAAA;AAAA,KAAK;AAAM,IAAA,UAAU,EAAC;AAAjB,KAA2B;AAC5B,iBAAa;AADe,GAA3B;AAAA;AAAA;AAAA;AAAA;AAAA;AAAA,sfAAL,CAzDK,EA+EL;AAAA;AAAA;AAAA;AAAA;AAAA;AAAA,+BA/EK,EAgFL;AAAA;AAAA;AAAA;AAAA;AAAA;AAAA,KAAK;AAAM,IAAA,UAAU,EAAC;AAAjB,KAA2B;AAC5B,iBAAa;AADe,GAA3B;AAAA;AAAA;AAAA;AAAA;AAAA;AAAA,igBAAL,CAhFK,CAAP;AA4FD;;;;;;;;;;;;;AAEDD,UAAU,CAACE,cAAX,GAA4B,IAA5B;;;;;;;;;;0BA3GMV,a;0BAKAM,W;0BAGAC,S;0BACkBC,U","sourcesContent":["/* @jsx mdx */\n  import React from 'react'\n  import { mdx } from '@mdx-js/react'\n  /* @jsx mdx */\n\n\nconst makeShortcode = name => function MDXDefaultShortcode(props) {\n  console.warn(\"Component \" + name + \" was not imported, exported, or provided by MDXProvider as global scope\")\n  return <div {...props}/>\n};\n\nconst layoutProps = {\n  \n};\nconst MDXLayout = \"wrapper\"\nexport default function MDXContent({\n  components,\n  ...props\n}) {\n  return <MDXLayout {...layoutProps} {...props} components={components} mdxType=\"MDXLayout\">\n    <h1 {...{\n      \"id\": \"indexing-example\"\n    }}>{`Indexing Example`}</h1>\n    <p>{`The following is done on PostgresSQL 12.`}</p>\n    <h2 {...{\n      \"id\": \"resources\"\n    }}>{`Resources`}</h2>\n    <ol>\n      <li parentName=\"ol\"><a parentName=\"li\" {...{\n          \"href\": \"https://www.db-fiddle.com/\"\n        }}>{`DB Fiddle`}</a></li>\n    </ol>\n    <h2 {...{\n      \"id\": \"without-indexing\"\n    }}>{`Without Indexing`}</h2>\n    <pre><code parentName=\"pre\" {...{\n        \"className\": \"language-sql\"\n      }}>{`CREATE TABLE test (\n  id INT,\n  count INT\n);\nINSERT INTO test (id, count) VALUES (1,1);\nINSERT INTO test (id, count) VALUES (2,2);\nINSERT INTO test (id, count) VALUES (3,3);\n\nCREATE TABLE test_two (\n  id INT,\n  count INT\n);\nINSERT INTO test_two (id, count) VALUES (1,1);\nINSERT INTO test_two (id, count) VALUES (2,2);\nINSERT INTO test_two (id, count) VALUES (3,3);\nCREATE INDEX ON test_two(count)\n\nEXPLAIN ANALYZE\nSELECT * FROM test JOIN test_two ON (test.id = test_two.id)\n`}</code></pre>\n    <p>{`The QUERY PLAN returns:`}</p>\n    <pre><code parentName=\"pre\" {...{\n        \"className\": \"language-sql\"\n      }}>{`Merge Join (cost=317.01..711.38 rows=25538 width=16) (actual time=0.050..0.052 rows=3 loops=1)\nMerge Cond: (test.id = test_two.id)\n-> Sort (cost=158.51..164.16 rows=2260 width=8) (actual time=0.029..0.030 rows=3 loops=1)\nSort Key: test.id\nSort Method: quicksort Memory: 25kB\n-> Seq Scan on test (cost=0.00..32.60 rows=2260 width=8) (actual time=0.005..0.005 rows=3 loops=1)\n-> Sort (cost=158.51..164.16 rows=2260 width=8) (actual time=0.018..0.018 rows=3 loops=1)\nSort Key: test_two.id\nSort Method: quicksort Memory: 25kB\n-> Seq Scan on test_two (cost=0.00..32.60 rows=2260 width=8) (actual time=0.006..0.006 rows=3 loops=1)\nPlanning Time: 0.301 ms\nExecution Time: 0.132 ms\n`}</code></pre>\n    <h2 {...{\n      \"id\": \"with-indexing\"\n    }}>{`With Indexing`}</h2>\n    <pre><code parentName=\"pre\" {...{\n        \"className\": \"language-sql\"\n      }}>{`CREATE TABLE test (\n  id INT,\n  count INT\n);\nINSERT INTO test (id, count) VALUES (1,1);\nINSERT INTO test (id, count) VALUES (2,2);\nINSERT INTO test (id, count) VALUES (3,3);\n\nCREATE TABLE test_two (\n  id INT,\n  count INT\n);\nINSERT INTO test_two (id, count) VALUES (1,1);\nINSERT INTO test_two (id, count) VALUES (2,2);\nINSERT INTO test_two (id, count) VALUES (3,3);\nCREATE INDEX ON test_two(count)\n\nEXPLAIN ANALYZE\nSELECT * FROM test JOIN test_two ON (test.id = test_two.id)\n`}</code></pre>\n    <p>{`The QUERY PLAN returns:`}</p>\n    <pre><code parentName=\"pre\" {...{\n        \"className\": \"language-sql\"\n      }}>{`Hash Join (cost=1.07..42.48 rows=34 width=16) (actual time=0.058..0.059 rows=3 loops=1)\nHash Cond: (test.id = test_two.id)\n-> Seq Scan on test (cost=0.00..32.60 rows=2260 width=8) (actual time=0.003..0.004 rows=3 loops=1)\n-> Hash (cost=1.03..1.03 rows=3 width=8) (actual time=0.011..0.011 rows=3 loops=1)\nBuckets: 1024 Batches: 1 Memory Usage: 9kB\n-> Seq Scan on test_two (cost=0.00..1.03 rows=3 width=8) (actual time=0.001..0.002 rows=3 loops=1)\nPlanning Time: 0.443 ms\nExecution Time: 0.121 ms\n`}</code></pre>\n    </MDXLayout>;\n}\n\nMDXContent.isMDXComponent = true;\n  "]}]}